<?xml version="1.0" encoding="UTF-8" ?>
<testsuite tests="4" failures="0" name="com.testerstories.TestRunner" time="0.229" errors="0" skipped="0">
  <properties>
[...]
</properties>
  <testcase classname="Scenario: Successfully logging in" name="Given the Symbiote home page" time="0.02"/>
  <testcase classname="Scenario: Successfully logging in" name="When logging in as an admin" time="0"/>
  <testcase classname="Scenario: Successfully logging in" name="Then the home page navigation is available" time="0"/>
  <testcase classname="Scenario: Successfully logging in" name="Scenario: Successfully logging in" time="0.209"/>
</testsuite>